#
# A fatal error has been detected by the Java Runtime Environment:
#
#  EXCEPTION_ACCESS_VIOLATION (0xc0000005) at pc=0x000000006d98071e, pid=7728, tid=2424
#
# JRE version: 6.0_45-b06
# Java VM: Java HotSpot(TM) 64-Bit Server VM (20.45-b01 mixed mode windows-amd64 compressed oops)
# Problematic frame:
# V  [jvm.dll+0xa071e]
#
# If you would like to submit a bug report, please visit:
#   http://java.sun.com/webapps/bugreport/crash.jsp
#

---------------  T H R E A D  ---------------

Current thread (0x00000000094e0800):  JavaThread "qtp1758906091-47 Selector0" [_thread_in_vm, id=2424, stack(0x000000000a720000,0x000000000a820000)]

siginfo: ExceptionCode=0xc0000005, reading address 0x0000000680000004

Registers:
RAX=0x000000007ffffffd, RBX=0x000000077ffffffd, RCX=0xffffffff00000007, RDX=0x0000000000000000
RSP=0x000000000a81ee80, RBP=0x00000000000000c5, RSI=0x000000000000001b, RDI=0x0000000000000099
R8 =0x0000000000000000, R9 =0x000000006d8e0000, R10=0x000000000a81f060, R11=0x000000000000000c
R12=0x0000000000000000, R13=0x00000007800000f0, R14=0x0000000000000000, R15=0x000000000000012f
RIP=0x000000006d98071e, EFLAGS=0x0000000000010292

Top of Stack: (sp=0x000000000a81ee80)
0x000000000a81ee80:   00000000000000ab 000000077ffffffd
0x000000000a81ee90:   0000000000000000 0000000012263db0
0x000000000a81eea0:   0000000006a1ca00 0000000000007fd8
0x000000000a81eeb0:   0000000000000000 0000000002000000
0x000000000a81eec0:   000000077fffff38 000000000a81f060
0x000000000a81eed0:   0000000000000332 0000000006a18df0
0x000000000a81eee0:   0000000000000000 00000000094e0800
0x000000000a81eef0:   000000000a81f060 0000000000000178
0x000000000a81ef00:   00000000000000c0 000000006d980e92
0x000000000a81ef10:   000000000a81f060 0000000012263d00
0x000000000a81ef20:   000000000000002c 000000000000002e
0x000000000a81ef30:   0000000000000050 000007fefd77133c
0x000000000a81ef40:   0000000780001658 0000000007d9a668
0x000000000a81ef50:   0000000007d9a9a8 000000000a81f068
0x000000000a81ef60:   000000000a81ec48 000007fefd77133c
0x000000000a81ef70:   0000000100000011 000000006d9f862f 

Instructions: (pc=0x000000006d98071e)
0x000000006d9806fe:   49 8b cd e8 4a ae fe ff 44 8a 84 24 98 00 00 00
0x000000006d98070e:   8d 43 08 48 63 c8 48 63 c3 48 83 e1 fc 48 2b c8
0x000000006d98071e:   8b 04 19 0f b6 c8 89 44 24 38 0f b6 44 24 39 c1
0x000000006d98072e:   e1 08 0b c8 0f b6 44 24 3a c1 e1 08 0b c8 0f b6 


Register to memory mapping:

RAX=0x000000007ffffffd is an unknown value
RBX=0x000000077ffffffd is an oop
{constMethod} 
 - klass: {other class}
 - method:       0x00000007800000f0 {method} 'parsedHeader' '(Lorg/eclipse/jetty/io/Buffer;Lorg/eclipse/jetty/io/Buffer;)V' in 'org/eclipse/jetty/server/AbstractHttpConnection'
 - exceptions:   0x000000077ba01ef8
 - stackmap data:       [B
bci_from(000000077FFFFFFD) = 197; print_codes():
RCX=0xffffffff00000007 is an unknown value
RDX=0x0000000000000000 is an unknown value
RSP=0x000000000a81ee80 is pointing into the stack for thread: 0x00000000094e0800
RBP=0x00000000000000c5 is an unknown value
RSI=0x000000000000001b is an unknown value
RDI=0x0000000000000099 is an unknown value
R8 =0x0000000000000000 is an unknown value
R9 =0x000000006d8e0000 is an unknown value
R10=0x000000000a81f060 is pointing into the stack for thread: 0x00000000094e0800
R11=0x000000000000000c is an unknown value
R12=0x0000000000000000 is an unknown value
R13=0x00000007800000f0 is an oop
{method} 
 - klass: {other class}
R14=0x0000000000000000 is an unknown value
R15=0x000000000000012f is an unknown value


Stack: [0x000000000a720000,0x000000000a820000],  sp=0x000000000a81ee80,  free space=1019k
Native frames: (J=compiled Java code, j=interpreted, Vv=VM code, C=native code)
V  [jvm.dll+0xa071e]

Java frames: (J=compiled Java code, j=interpreted, Vv=VM code)
j  org.eclipse.jetty.server.nio.SelectChannelConnector.newConnection(Ljava/nio/channels/SocketChannel;Lorg/eclipse/jetty/io/AsyncEndPoint;)Lorg/eclipse/jetty/io/nio/AsyncConnection;+0
j  org.eclipse.jetty.server.nio.SelectChannelConnector$ConnectorSelectorManager.newConnection(Ljava/nio/channels/SocketChannel;Lorg/eclipse/jetty/io/AsyncEndPoint;Ljava/lang/Object;)Lorg/eclipse/jetty/io/nio/AsyncConnection;+6
j  org.eclipse.jetty.server.nio.SelectChannelConnector.newEndPoint(Ljava/nio/channels/SocketChannel;Lorg/eclipse/jetty/io/nio/SelectorManager$SelectSet;Ljava/nio/channels/SelectionKey;)Lorg/eclipse/jetty/io/nio/SelectChannelEndPoint;+29
j  org.eclipse.jetty.server.nio.SelectChannelConnector$ConnectorSelectorManager.newEndPoint(Ljava/nio/channels/SocketChannel;Lorg/eclipse/jetty/io/nio/SelectorManager$SelectSet;Ljava/nio/channels/SelectionKey;)Lorg/eclipse/jetty/io/nio/SelectChannelEndPoint;+7
j  org.eclipse.jetty.io.nio.SelectorManager$SelectSet.createEndPoint(Ljava/nio/channels/SocketChannel;Ljava/nio/channels/SelectionKey;)Lorg/eclipse/jetty/io/nio/SelectChannelEndPoint;+7
j  org.eclipse.jetty.io.nio.SelectorManager$SelectSet.doSelect()V+228
j  org.eclipse.jetty.io.nio.SelectorManager$1.run()V+181
j  org.eclipse.jetty.util.thread.QueuedThreadPool.runJob(Ljava/lang/Runnable;)V+1
j  org.eclipse.jetty.util.thread.QueuedThreadPool$3.run()V+47
j  java.lang.Thread.run()V+11
v  ~StubRoutines::call_stub

---------------  P R O C E S S  ---------------

Java Threads: ( => current thread )
  0x000000000b5f1000 JavaThread "qtp1758906091-54" [_thread_blocked, id=6096, stack(0x0000000017c50000,0x0000000017d50000)]
  0x000000000b5f0000 JavaThread "qtp1758906091-53" [_thread_blocked, id=10608, stack(0x0000000017b50000,0x0000000017c50000)]
  0x000000000b5ef800 JavaThread "qtp1758906091-52" [_thread_blocked, id=10832, stack(0x0000000017a50000,0x0000000017b50000)]
  0x000000000b5ee800 JavaThread "qtp1758906091-51" [_thread_blocked, id=6540, stack(0x0000000017950000,0x0000000017a50000)]
  0x00000000094e2800 JavaThread "qtp1758906091-50" [_thread_blocked, id=9692, stack(0x0000000017850000,0x0000000017950000)]
  0x00000000094e2000 JavaThread "qtp1758906091-49 Acceptor0 SelectChannelConnector@0.0.0.0:8080" [_thread_in_native, id=8300, stack(0x000000000a9c0000,0x000000000aac0000)]
  0x00000000094e1000 JavaThread "qtp1758906091-48" [_thread_blocked, id=1404, stack(0x000000000a8c0000,0x000000000a9c0000)]
=>0x00000000094e0800 JavaThread "qtp1758906091-47 Selector0" [_thread_in_vm, id=2424, stack(0x000000000a720000,0x000000000a820000)]
  0x00000000094df800 JavaThread "Timer-0" daemon [_thread_blocked, id=7788, stack(0x000000000a460000,0x000000000a560000)]
  0x00000000094dd800 JavaThread "HashSessionScavenger-0" daemon [_thread_blocked, id=9900, stack(0x000000000a360000,0x000000000a460000)]
  0x00000000069ee800 JavaThread "Low Memory Detector" daemon [_thread_blocked, id=11120, stack(0x0000000007080000,0x0000000007180000)]
  0x00000000069e3800 JavaThread "C2 CompilerThread1" daemon [_thread_blocked, id=1880, stack(0x0000000006f80000,0x0000000007080000)]
  0x00000000069de800 JavaThread "C2 CompilerThread0" daemon [_thread_blocked, id=2192, stack(0x0000000006e80000,0x0000000006f80000)]
  0x00000000069db000 JavaThread "Attach Listener" daemon [_thread_blocked, id=2432, stack(0x0000000006d80000,0x0000000006e80000)]
  0x00000000069d6000 JavaThread "Signal Dispatcher" daemon [_thread_blocked, id=8692, stack(0x0000000006c80000,0x0000000006d80000)]
  0x0000000006985800 JavaThread "Finalizer" daemon [_thread_blocked, id=7264, stack(0x0000000006b80000,0x0000000006c80000)]
  0x000000000071c000 JavaThread "Reference Handler" daemon [_thread_blocked, id=9480, stack(0x0000000006880000,0x0000000006980000)]
  0x00000000005ac000 JavaThread "main" [_thread_blocked, id=6244, stack(0x0000000002590000,0x0000000002690000)]

Other Threads:
  0x0000000000714000 VMThread [stack: 0x0000000006780000,0x0000000006880000] [id=11024]
  0x00000000069ff800 WatcherThread [stack: 0x0000000007180000,0x0000000007280000] [id=9492]

VM state:not at safepoint (normal execution)

VM Mutex/Monitor currently owned by a thread: None

Heap
 PSYoungGen      total 214464K, used 111261K [0x00000007d5960000, 0x00000007e5da0000, 0x0000000800000000)
  eden space 209536K, 50% used [0x00000007d5960000,0x00000007dc13f500,0x00000007e2600000)
  from space 4928K, 99% used [0x00000007e2f40000,0x00000007e3408280,0x00000007e3410000)
  to   space 28480K, 0% used [0x00000007e41d0000,0x00000007e41d0000,0x00000007e5da0000)
 PSOldGen        total 86912K, used 66697K [0x0000000780c00000, 0x00000007860e0000, 0x00000007d5960000)
  object space 86912K, 76% used [0x0000000780c00000,0x0000000784d22540,0x00000007860e0000)
 PSPermGen       total 71936K, used 71763K [0x000000077ba00000, 0x0000000780040000, 0x0000000780c00000)
  object space 71936K, 99% used [0x000000077ba00000,0x0000000780014d68,0x0000000780040000)

Code Cache  [0x0000000002690000, 0x0000000002db0000, 0x0000000005690000)
 total_blobs=1898 nmethods=1459 adapters=390 free_code_cache=43103936 largest_free_block=89664

Dynamic libraries:
0x0000000000400000 - 0x000000000042f000 	C:\Program Files\Java\jdk1.6.0_45\bin\java.exe
0x0000000077070000 - 0x000000007721a000 	C:\WINDOWS\SYSTEM32\ntdll.dll
0x0000000076e50000 - 0x0000000076f6f000 	C:\WINDOWS\system32\kernel32.dll
0x000007fefd770000 - 0x000007fefd7db000 	C:\WINDOWS\system32\KERNELBASE.dll
0x0000000074890000 - 0x0000000074917000 	C:\WINDOWS\System32\SYSFER.DLL
0x000007fefd9b0000 - 0x000007fefda8b000 	C:\WINDOWS\system32\ADVAPI32.dll
0x000007fefed10000 - 0x000007fefedaf000 	C:\WINDOWS\system32\msvcrt.dll
0x000007feff1f0000 - 0x000007feff20f000 	C:\WINDOWS\SYSTEM32\sechost.dll
0x000007fefeec0000 - 0x000007fefefed000 	C:\WINDOWS\system32\RPCRT4.dll
0x000000006d8e0000 - 0x000000006e09c000 	C:\Program Files\Java\jdk1.6.0_45\jre\bin\server\jvm.dll
0x0000000076f70000 - 0x000000007706a000 	C:\WINDOWS\system32\USER32.dll
0x000007fefe8d0000 - 0x000007fefe937000 	C:\WINDOWS\system32\GDI32.dll
0x000007fefe8c0000 - 0x000007fefe8ce000 	C:\WINDOWS\system32\LPK.dll
0x000007fefeb50000 - 0x000007fefec19000 	C:\WINDOWS\system32\USP10.dll
0x000007fefadb0000 - 0x000007fefadeb000 	C:\WINDOWS\system32\WINMM.dll
0x000007fefd980000 - 0x000007fefd9ae000 	C:\WINDOWS\system32\IMM32.DLL
0x000007fefedb0000 - 0x000007fefeeb9000 	C:\WINDOWS\system32\MSCTF.dll
0x000000006d850000 - 0x000000006d85e000 	C:\Program Files\Java\jdk1.6.0_45\jre\bin\verify.dll
0x000000006d460000 - 0x000000006d487000 	C:\Program Files\Java\jdk1.6.0_45\jre\bin\java.dll
0x000000006d8a0000 - 0x000000006d8b2000 	C:\Program Files\Java\jdk1.6.0_45\jre\bin\zip.dll
0x000007fefd3a0000 - 0x000007fefd3f7000 	C:\WINDOWS\system32\apphelp.dll
0x000000006d6c0000 - 0x000000006d6d7000 	C:\Program Files\Java\jdk1.6.0_45\jre\bin\net.dll
0x000007fefecc0000 - 0x000007fefed0d000 	C:\WINDOWS\system32\WS2_32.dll
0x000007feff2f0000 - 0x000007feff2f8000 	C:\WINDOWS\system32\NSI.dll
0x000007fefcd20000 - 0x000007fefcd75000 	C:\WINDOWS\system32\mswsock.dll
0x000007fefcd10000 - 0x000007fefcd17000 	C:\WINDOWS\System32\wship6.dll
0x000000006d6e0000 - 0x000000006d6ec000 	C:\Program Files\Java\jdk1.6.0_45\jre\bin\nio.dll
0x000007fefcd80000 - 0x000007fefcd97000 	C:\WINDOWS\system32\CRYPTSP.dll
0x000007fefca60000 - 0x000007fefcaa7000 	C:\WINDOWS\system32\rsaenh.dll
0x000007fefcb50000 - 0x000007fefcb6e000 	C:\WINDOWS\system32\USERENV.dll
0x000007fefd4d0000 - 0x000007fefd4df000 	C:\WINDOWS\system32\profapi.dll
0x000007fefd400000 - 0x000007fefd40f000 	C:\WINDOWS\system32\CRYPTBASE.dll
0x000007fefa7d0000 - 0x000007fefa7e5000 	C:\WINDOWS\system32\NLAapi.dll
0x000007fef97c0000 - 0x000007fef97d5000 	C:\WINDOWS\system32\napinsp.dll
0x000007fef97e0000 - 0x000007fef97f9000 	C:\WINDOWS\system32\pnrpnsp.dll
0x000007fefcba0000 - 0x000007fefcbfb000 	C:\WINDOWS\system32\DNSAPI.dll
0x000007fef97b0000 - 0x000007fef97bb000 	C:\WINDOWS\System32\winrnr.dll
0x000007fefc5d0000 - 0x000007fefc5d7000 	C:\WINDOWS\System32\wshtcpip.dll
0x000007fefaf50000 - 0x000007fefaf77000 	C:\WINDOWS\system32\IPHLPAPI.DLL
0x000007fefaf40000 - 0x000007fefaf4b000 	C:\WINDOWS\system32\WINNSI.DLL
0x000007fef9830000 - 0x000007fef9838000 	C:\WINDOWS\system32\rasadhlp.dll
0x000007fefa180000 - 0x000007fefa1d3000 	C:\WINDOWS\System32\fwpuclnt.dll
0x0000000077230000 - 0x0000000077237000 	C:\WINDOWS\system32\PSAPI.DLL

VM Arguments:
jvm_args: -Dclassworlds.conf=D:\documents and settings\ur42\springsource\apache-maven-3.0.4\bin\m2.conf -Dmaven.home=D:\documents and settings\ur42\springsource\apache-maven-3.0.4 
java_command: org.codehaus.plexus.classworlds.launcher.Launcher clean jetty:run
Launcher Type: SUN_STANDARD

Environment Variables:
JAVA_HOME=C:\Program Files\Java\jdk1.6.0_45
CLASSPATH=.;C:\Program Files (x86)\Java\jre7\lib\ext\QTJava.zip
PATH=C:\oracle\product\11.2.0\client_1\bin;F:\app\aen3w4\product\11.2.0\client_2;C:\Arquivos de Programas\ibm\RationalSDLC\common;F:\app\aen3w4\product\11.2.0\client_1;C:\WINDOWS\system32;C:\WINDOWS;C:\WINDOWS\System32\Wbem;C:\WINDOWS\System32\WindowsPowerShell\v1.0\;C:\Program Files\Codec Pack TIC x64\QuickTime Alternative\QTSystem;C:\Program Files (x86)\Microsoft Application Virtualization Client;C:\Program Files\Aladdin\eToken\PKIClient\x32;C:\Program Files\Aladdin\eToken\PKIClient\x64;C:\Program Files\TortoiseSVN\bin;C:\Arquivos de Programas\ibm\RationalSDLC\ClearCase\bin;C:\Program Files (x86)\Git\cmd;C:\Program Files (x86)\QuickTime\QTSystem\;C:\Program Files (x86)\Common Files\Siemens\System;D:\documents and settings\ur42\springsource\apache-maven-3.0.4\bin;D:\documents and settings\ur42\springsource\spring-roo-1.2.3.RELEASE\bin;C:\Program Files\Java\jdk1.6.0_45\bin;C:\oracle\product\11.2.0\client_1\bin
USERNAME=UR42
OS=Windows_NT
PROCESSOR_IDENTIFIER=Intel64 Family 6 Model 42 Stepping 7, GenuineIntel



---------------  S Y S T E M  ---------------

OS: Windows 7 , 64 bit Build 7601 Service Pack 1

CPU:total 4 (2 cores per cpu, 2 threads per core) family 6 model 42 stepping 7, cmov, cx8, fxsr, mmx, sse, sse2, sse3, ssse3, sse4.1, sse4.2, popcnt, ht

Memory: 4k page, physical 8336820k(1964108k free), swap 16671784k(10120508k free)

vm_info: Java HotSpot(TM) 64-Bit Server VM (20.45-b01) for windows-amd64 JRE (1.6.0_45-b06), built on Apr  1 2013 12:31:37 by "java_re" with MS VC++ 8.0 (VS2005)

time: Thu Jan 16 11:09:12 2014
elapsed time: 54 seconds

